[  142851ms] [INFO] This network could not be positioned by this version of the improved layout algorithm. Please disable improvedLayout for better performance. @ https://unpkg.com/vis-network@9.1.9/standalone/umd/vis-network.min.js:32
[  143797ms] [LOG] Deprecated API usage: The TextLayerRender `textContent`/`textContentStream` parameters will be removed in the future, please use `textContentSource` instead. @ https://cdn.jsdelivr.net/npm/pdfjs-dist@3.11.174/build/pdf.min.js:21
[  143797ms] [ERROR] The `--scale-factor` CSS-variable must be set, to the same value as `viewport.scale`, either on the `container`-element itself or higher up in the DOM. @ https://cdn.jsdelivr.net/npm/pdfjs-dist@3.11.174/build/pdf.min.js:21
[  149083ms] [LOG] Deprecated API usage: The TextLayerRender `textContent`/`textContentStream` parameters will be removed in the future, please use `textContentSource` instead. @ https://cdn.jsdelivr.net/npm/pdfjs-dist@3.11.174/build/pdf.min.js:21
[  149083ms] [ERROR] The `--scale-factor` CSS-variable must be set, to the same value as `viewport.scale`, either on the `container`-element itself or higher up in the DOM. @ https://cdn.jsdelivr.net/npm/pdfjs-dist@3.11.174/build/pdf.min.js:21
[  149714ms] [LOG] Deprecated API usage: The TextLayerRender `textContent`/`textContentStream` parameters will be removed in the future, please use `textContentSource` instead. @ https://cdn.jsdelivr.net/npm/pdfjs-dist@3.11.174/build/pdf.min.js:21
[  149714ms] [ERROR] The `--scale-factor` CSS-variable must be set, to the same value as `viewport.scale`, either on the `container`-element itself or higher up in the DOM. @ https://cdn.jsdelivr.net/npm/pdfjs-dist@3.11.174/build/pdf.min.js:21
[  150187ms] [LOG] Deprecated API usage: The TextLayerRender `textContent`/`textContentStream` parameters will be removed in the future, please use `textContentSource` instead. @ https://cdn.jsdelivr.net/npm/pdfjs-dist@3.11.174/build/pdf.min.js:21
[  150188ms] [ERROR] The `--scale-factor` CSS-variable must be set, to the same value as `viewport.scale`, either on the `container`-element itself or higher up in the DOM. @ https://cdn.jsdelivr.net/npm/pdfjs-dist@3.11.174/build/pdf.min.js:21
[  150453ms] [LOG] Deprecated API usage: The TextLayerRender `textContent`/`textContentStream` parameters will be removed in the future, please use `textContentSource` instead. @ https://cdn.jsdelivr.net/npm/pdfjs-dist@3.11.174/build/pdf.min.js:21
[  150453ms] [ERROR] The `--scale-factor` CSS-variable must be set, to the same value as `viewport.scale`, either on the `container`-element itself or higher up in the DOM. @ https://cdn.jsdelivr.net/npm/pdfjs-dist@3.11.174/build/pdf.min.js:21
[  150650ms] [LOG] Warning: TT: undefined function: 21 @ https://cdn.jsdelivr.net/npm/pdfjs-dist@3.11.174/build/pdf.worker.min.js:21
[  150656ms] [LOG] Warning: TT: invalid function id: 136 @ https://cdn.jsdelivr.net/npm/pdfjs-dist@3.11.174/build/pdf.worker.min.js:21
[  150668ms] [LOG] Warning: TT: undefined function: 3 @ https://cdn.jsdelivr.net/npm/pdfjs-dist@3.11.174/build/pdf.worker.min.js:21
[  150710ms] [LOG] Deprecated API usage: The TextLayerRender `textContent`/`textContentStream` parameters will be removed in the future, please use `textContentSource` instead. @ https://cdn.jsdelivr.net/npm/pdfjs-dist@3.11.174/build/pdf.min.js:21
[  150710ms] [ERROR] The `--scale-factor` CSS-variable must be set, to the same value as `viewport.scale`, either on the `container`-element itself or higher up in the DOM. @ https://cdn.jsdelivr.net/npm/pdfjs-dist@3.11.174/build/pdf.min.js:21
[  150834ms] [LOG] Deprecated API usage: The TextLayerRender `textContent`/`textContentStream` parameters will be removed in the future, please use `textContentSource` instead. @ https://cdn.jsdelivr.net/npm/pdfjs-dist@3.11.174/build/pdf.min.js:21
[  150834ms] [ERROR] The `--scale-factor` CSS-variable must be set, to the same value as `viewport.scale`, either on the `container`-element itself or higher up in the DOM. @ https://cdn.jsdelivr.net/npm/pdfjs-dist@3.11.174/build/pdf.min.js:21
[  151003ms] [LOG] Deprecated API usage: The TextLayerRender `textContent`/`textContentStream` parameters will be removed in the future, please use `textContentSource` instead. @ https://cdn.jsdelivr.net/npm/pdfjs-dist@3.11.174/build/pdf.min.js:21
[  151003ms] [ERROR] The `--scale-factor` CSS-variable must be set, to the same value as `viewport.scale`, either on the `container`-element itself or higher up in the DOM. @ https://cdn.jsdelivr.net/npm/pdfjs-dist@3.11.174/build/pdf.min.js:21
[  151148ms] [LOG] Warning: TT: undefined function: 21 @ https://cdn.jsdelivr.net/npm/pdfjs-dist@3.11.174/build/pdf.worker.min.js:21
[  151183ms] [LOG] Deprecated API usage: The TextLayerRender `textContent`/`textContentStream` parameters will be removed in the future, please use `textContentSource` instead. @ https://cdn.jsdelivr.net/npm/pdfjs-dist@3.11.174/build/pdf.min.js:21
[  151184ms] [ERROR] The `--scale-factor` CSS-variable must be set, to the same value as `viewport.scale`, either on the `container`-element itself or higher up in the DOM. @ https://cdn.jsdelivr.net/npm/pdfjs-dist@3.11.174/build/pdf.min.js:21
[  151320ms] [LOG] Deprecated API usage: The TextLayerRender `textContent`/`textContentStream` parameters will be removed in the future, please use `textContentSource` instead. @ https://cdn.jsdelivr.net/npm/pdfjs-dist@3.11.174/build/pdf.min.js:21
[  151320ms] [ERROR] The `--scale-factor` CSS-variable must be set, to the same value as `viewport.scale`, either on the `container`-element itself or higher up in the DOM. @ https://cdn.jsdelivr.net/npm/pdfjs-dist@3.11.174/build/pdf.min.js:21
[  199942ms] [LOG] Warning: TT: undefined function: 21 @ https://cdn.jsdelivr.net/npm/pdfjs-dist@3.11.174/build/pdf.worker.min.js:21
[  199989ms] [LOG] Deprecated API usage: The TextLayerRender `textContent`/`textContentStream` parameters will be removed in the future, please use `textContentSource` instead. @ https://cdn.jsdelivr.net/npm/pdfjs-dist@3.11.174/build/pdf.min.js:21
[  199989ms] [ERROR] The `--scale-factor` CSS-variable must be set, to the same value as `viewport.scale`, either on the `container`-element itself or higher up in the DOM. @ https://cdn.jsdelivr.net/npm/pdfjs-dist@3.11.174/build/pdf.min.js:21
[  200433ms] [LOG] Deprecated API usage: The TextLayerRender `textContent`/`textContentStream` parameters will be removed in the future, please use `textContentSource` instead. @ https://cdn.jsdelivr.net/npm/pdfjs-dist@3.11.174/build/pdf.min.js:21
[  200433ms] [ERROR] The `--scale-factor` CSS-variable must be set, to the same value as `viewport.scale`, either on the `container`-element itself or higher up in the DOM. @ https://cdn.jsdelivr.net/npm/pdfjs-dist@3.11.174/build/pdf.min.js:21
[  200853ms] [LOG] Deprecated API usage: The TextLayerRender `textContent`/`textContentStream` parameters will be removed in the future, please use `textContentSource` instead. @ https://cdn.jsdelivr.net/npm/pdfjs-dist@3.11.174/build/pdf.min.js:21
[  200853ms] [ERROR] The `--scale-factor` CSS-variable must be set, to the same value as `viewport.scale`, either on the `container`-element itself or higher up in the DOM. @ https://cdn.jsdelivr.net/npm/pdfjs-dist@3.11.174/build/pdf.min.js:21
[  201085ms] [LOG] Deprecated API usage: The TextLayerRender `textContent`/`textContentStream` parameters will be removed in the future, please use `textContentSource` instead. @ https://cdn.jsdelivr.net/npm/pdfjs-dist@3.11.174/build/pdf.min.js:21
[  201085ms] [ERROR] The `--scale-factor` CSS-variable must be set, to the same value as `viewport.scale`, either on the `container`-element itself or higher up in the DOM. @ https://cdn.jsdelivr.net/npm/pdfjs-dist@3.11.174/build/pdf.min.js:21
[  201351ms] [LOG] Deprecated API usage: The TextLayerRender `textContent`/`textContentStream` parameters will be removed in the future, please use `textContentSource` instead. @ https://cdn.jsdelivr.net/npm/pdfjs-dist@3.11.174/build/pdf.min.js:21
[  201351ms] [ERROR] The `--scale-factor` CSS-variable must be set, to the same value as `viewport.scale`, either on the `container`-element itself or higher up in the DOM. @ https://cdn.jsdelivr.net/npm/pdfjs-dist@3.11.174/build/pdf.min.js:21
[  201549ms] [LOG] Deprecated API usage: The TextLayerRender `textContent`/`textContentStream` parameters will be removed in the future, please use `textContentSource` instead. @ https://cdn.jsdelivr.net/npm/pdfjs-dist@3.11.174/build/pdf.min.js:21
[  201549ms] [ERROR] The `--scale-factor` CSS-variable must be set, to the same value as `viewport.scale`, either on the `container`-element itself or higher up in the DOM. @ https://cdn.jsdelivr.net/npm/pdfjs-dist@3.11.174/build/pdf.min.js:21
[  201699ms] [LOG] Deprecated API usage: The TextLayerRender `textContent`/`textContentStream` parameters will be removed in the future, please use `textContentSource` instead. @ https://cdn.jsdelivr.net/npm/pdfjs-dist@3.11.174/build/pdf.min.js:21
[  201699ms] [ERROR] The `--scale-factor` CSS-variable must be set, to the same value as `viewport.scale`, either on the `container`-element itself or higher up in the DOM. @ https://cdn.jsdelivr.net/npm/pdfjs-dist@3.11.174/build/pdf.min.js:21
[  202221ms] [LOG] Deprecated API usage: The TextLayerRender `textContent`/`textContentStream` parameters will be removed in the future, please use `textContentSource` instead. @ https://cdn.jsdelivr.net/npm/pdfjs-dist@3.11.174/build/pdf.min.js:21
[  202221ms] [ERROR] The `--scale-factor` CSS-variable must be set, to the same value as `viewport.scale`, either on the `container`-element itself or higher up in the DOM. @ https://cdn.jsdelivr.net/npm/pdfjs-dist@3.11.174/build/pdf.min.js:21
[  202550ms] [LOG] Deprecated API usage: The TextLayerRender `textContent`/`textContentStream` parameters will be removed in the future, please use `textContentSource` instead. @ https://cdn.jsdelivr.net/npm/pdfjs-dist@3.11.174/build/pdf.min.js:21
[  202550ms] [ERROR] The `--scale-factor` CSS-variable must be set, to the same value as `viewport.scale`, either on the `container`-element itself or higher up in the DOM. @ https://cdn.jsdelivr.net/npm/pdfjs-dist@3.11.174/build/pdf.min.js:21
[  203143ms] [LOG] Deprecated API usage: The TextLayerRender `textContent`/`textContentStream` parameters will be removed in the future, please use `textContentSource` instead. @ https://cdn.jsdelivr.net/npm/pdfjs-dist@3.11.174/build/pdf.min.js:21
[  203143ms] [ERROR] The `--scale-factor` CSS-variable must be set, to the same value as `viewport.scale`, either on the `container`-element itself or higher up in the DOM. @ https://cdn.jsdelivr.net/npm/pdfjs-dist@3.11.174/build/pdf.min.js:21
[  203483ms] [LOG] Deprecated API usage: The TextLayerRender `textContent`/`textContentStream` parameters will be removed in the future, please use `textContentSource` instead. @ https://cdn.jsdelivr.net/npm/pdfjs-dist@3.11.174/build/pdf.min.js:21
[  203483ms] [ERROR] The `--scale-factor` CSS-variable must be set, to the same value as `viewport.scale`, either on the `container`-element itself or higher up in the DOM. @ https://cdn.jsdelivr.net/npm/pdfjs-dist@3.11.174/build/pdf.min.js:21
[  203815ms] [LOG] Deprecated API usage: The TextLayerRender `textContent`/`textContentStream` parameters will be removed in the future, please use `textContentSource` instead. @ https://cdn.jsdelivr.net/npm/pdfjs-dist@3.11.174/build/pdf.min.js:21
[  203815ms] [ERROR] The `--scale-factor` CSS-variable must be set, to the same value as `viewport.scale`, either on the `container`-element itself or higher up in the DOM. @ https://cdn.jsdelivr.net/npm/pdfjs-dist@3.11.174/build/pdf.min.js:21
